<?xml version="1.0" encoding="UTF-8"?>
<!-- Generated by org.testng.reporters.JUnitXMLReporter -->
<testsuite ignored="1" hostname="LAPTOP-F48D2J5E" failures="0" tests="1" name="Test" time="6.38" errors="0" timestamp="2024-09-02T04:30:56 IST">
  <testcase classname="testCases.Tc002_LoginTest" name="verify_loginTest" time="1.629"/>
  <testcase classname="testCases.Tc001_AccountRegistrationTest" name="verify_account_registration" time="0.0">
    <ignored/>
  </testcase> <!-- verify_account_registration -->
</testsuite> <!-- Test -->
