<?xml version="1.0" encoding="UTF-8"?>
<testng-results ignored="0" total="1" passed="1" failed="0" skipped="0">
  <reporter-output>
  </reporter-output>
  <suite started-at="2024-09-02T04:30:50 IST" name="Suite" finished-at="2024-09-02T04:30:56 IST" duration-ms="6380">
    <groups>
      <group name="Master">
        <method signature="Tc002_LoginTest.verify_loginTest()[pri:0, instance:testCases.Tc002_LoginTest@3cd3e762]" name="verify_loginTest" class="testCases.Tc002_LoginTest"/>
      </group> <!-- Master -->
      <group name="Sanity">
        <method signature="Tc002_LoginTest.verify_loginTest()[pri:0, instance:testCases.Tc002_LoginTest@3cd3e762]" name="verify_loginTest" class="testCases.Tc002_LoginTest"/>
      </group> <!-- Sanity -->
    </groups>
    <test started-at="2024-09-02T04:30:50 IST" name="Test" finished-at="2024-09-02T04:30:56 IST" duration-ms="6380">
      <class name="testCases.Tc002_LoginTest">
        <test-method is-config="true" signature="Setup(java.lang.String)[pri:0, instance:testCases.Tc002_LoginTest@3cd3e762]" started-at="2024-09-02T04:30:50 IST" name="Setup" finished-at="2024-09-02T04:30:54 IST" duration-ms="4035" status="PASS">
          <params>
            <param index="0">
              <value>
                <![CDATA[chrome]]>
              </value>
            </param>
          </params>
          <reporter-output>
          </reporter-output>
        </test-method> <!-- Setup -->
        <test-method signature="verify_loginTest()[pri:0, instance:testCases.Tc002_LoginTest@3cd3e762]" started-at="2024-09-02T04:30:54 IST" name="verify_loginTest" finished-at="2024-09-02T04:30:56 IST" duration-ms="1629" status="PASS">
          <reporter-output>
          </reporter-output>
        </test-method> <!-- verify_loginTest -->
        <test-method is-config="true" signature="tearDown()[pri:0, instance:testCases.Tc002_LoginTest@3cd3e762]" started-at="2024-09-02T04:30:56 IST" name="tearDown" finished-at="2024-09-02T04:30:56 IST" duration-ms="271" status="PASS">
          <reporter-output>
          </reporter-output>
        </test-method> <!-- tearDown -->
      </class> <!-- testCases.Tc002_LoginTest -->
    </test> <!-- Test -->
  </suite> <!-- Suite -->
</testng-results>
